{
  "stats": {
    "suites": 6,
    "tests": 13,
    "passes": 13,
    "pending": 0,
    "failures": 0,
    "start": "2023-07-28T16:24:13.078Z",
    "end": "2023-07-28T16:24:15.085Z",
    "duration": 2007,
    "testsRegistered": 13,
    "passPercent": 100,
    "pendingPercent": 0,
    "other": 0,
    "hasOther": false,
    "skipped": 0,
    "hasSkipped": false
  },
  "results": [
    {
      "uuid": "009dbf22-16b3-4fff-9982-f790a56b8249",
      "title": "",
      "fullFile": "",
      "file": "",
      "beforeHooks": [],
      "afterHooks": [],
      "tests": [],
      "suites": [
        {
          "uuid": "eda33bdd-2254-46eb-afab-aeba191c2869",
          "title": "Login",
          "fullFile": "D:\\Belajar\\QA\\mocca & chai\\testing api kasir aja\\test\\suite\\allTest.js",
          "file": "\\test\\suite\\allTest.js",
          "beforeHooks": [],
          "afterHooks": [],
          "tests": [
            {
              "title": "Positive Scanario - Success Login",
              "fullTitle": "Login Positive Scanario - Success Login",
              "timedOut": false,
              "duration": 623,
              "state": "passed",
              "speed": "slow",
              "pass": true,
              "fail": false,
              "pending": false,
              "context": null,
              "code": "const response = await request\n  .post(\"/authentications\")\n  .send({\n    email: \"sample@example.com\",\n    password: \"123adsfadf@\",\n  });\n// console.log(response.body.data.accessToken);\nexpect(response.status).to.equal(201);\nexpect(response.body.data).to.have.property(\"accessToken\");",
              "err": {},
              "uuid": "f4b5cf9e-06f9-4d8a-a9ad-16431db572aa",
              "parentUUID": "eda33bdd-2254-46eb-afab-aeba191c2869",
              "isHook": false,
              "skipped": false
            },
            {
              "title": "Negative Scenario - Invalid email",
              "fullTitle": "Login Negative Scenario - Invalid email",
              "timedOut": false,
              "duration": 121,
              "state": "passed",
              "speed": "slow",
              "pass": true,
              "fail": false,
              "pending": false,
              "context": null,
              "code": "const response = await request\n  .post(\"/authentications\")\n  .send({ email: \"invalid@example.com\", password: \"123adsfadf@\" });\n// console.log(response.body.status);\nexpect(response.status).to.equal(401);\nexpect(response.body.message).to.have.equal(\"Kredensial yang Anda berikan salah\");",
              "err": {},
              "uuid": "e5f40896-1d19-419f-b43e-4c9f25d7cd90",
              "parentUUID": "eda33bdd-2254-46eb-afab-aeba191c2869",
              "isHook": false,
              "skipped": false
            }
          ],
          "suites": [],
          "passes": [
            "f4b5cf9e-06f9-4d8a-a9ad-16431db572aa",
            "e5f40896-1d19-419f-b43e-4c9f25d7cd90"
          ],
          "failures": [],
          "pending": [],
          "skipped": [],
          "duration": 744,
          "root": false,
          "rootEmpty": false,
          "_timeout": 2000
        },
        {
          "uuid": "5390510d-0822-4f9d-8596-d3c7414fb5eb",
          "title": "add product",
          "fullFile": "D:\\Belajar\\QA\\mocca & chai\\testing api kasir aja\\test\\suite\\allTest.js",
          "file": "\\test\\suite\\allTest.js",
          "beforeHooks": [],
          "afterHooks": [],
          "tests": [
            {
              "title": "Positive Scanario - Success add product",
              "fullTitle": "add product Positive Scanario - Success add product",
              "timedOut": false,
              "duration": 100,
              "state": "passed",
              "speed": "slow",
              "pass": true,
              "fail": false,
              "pending": false,
              "context": null,
              "code": "const response = await request\n  .post(\"/products\")\n  .send({\n    category_id: \"811f547e-a24e-4f94-bfe1-b7ed7d11c03f\",\n    code: \"A314ASDDFIER3432\",\n    name: \"ayam\",\n    price: \"5000\",\n    cost: \"3000\",\n    stock: \"5\"\n  })\n  .set(\"Authorization\", \"Bearer \" + Token)\n// console.log(response.body);\nexpect(response.status).to.equal(201);\nexpect(response.body.message).to.equal('Product berhasil ditambahkan');\nexpect(response.body.data.name).to.be.equal('ayam');",
              "err": {},
              "uuid": "e8c4aca3-0dcd-4b5c-8e2b-9a183fb4bbbd",
              "parentUUID": "5390510d-0822-4f9d-8596-d3c7414fb5eb",
              "isHook": false,
              "skipped": false
            },
            {
              "title": "negative Scanario - failed add product because the name is empty",
              "fullTitle": "add product negative Scanario - failed add product because the name is empty",
              "timedOut": false,
              "duration": 92,
              "state": "passed",
              "speed": "slow",
              "pass": true,
              "fail": false,
              "pending": false,
              "context": null,
              "code": "const response = await request\n  .post(\"/products\")\n  .send({\n    category_id: \"811f547e-a24e-4f94-bfe1-b7ed7d11c03f\",\n    code: \"A314ASDDFIER3432\",\n    name: \"\",\n    price: \"5000\",\n    cost: \"3000\",\n    stock: \"5\"\n  })\n  .set(\"Authorization\", \"Bearer \" + Token)\n// console.log(response.body);\nexpect(response.status).to.equal(400);\nexpect(response.body.message).to.equal('\"name\" is not allowed to be empty');",
              "err": {},
              "uuid": "e1469c61-7189-43e7-b5f0-9b334ad681a0",
              "parentUUID": "5390510d-0822-4f9d-8596-d3c7414fb5eb",
              "isHook": false,
              "skipped": false
            },
            {
              "title": "Negative Scenario - failed add product because no tokens",
              "fullTitle": "add product Negative Scenario - failed add product because no tokens",
              "timedOut": false,
              "duration": 91,
              "state": "passed",
              "speed": "slow",
              "pass": true,
              "fail": false,
              "pending": false,
              "context": null,
              "code": "const response = await request\n.post(\"/products\")\n.send({\n  category_id: \"811f547e-a24e-4f94-bfe1-b7ed7d11c03f\",\n  code: \"A314ASDDFIER3432\",\n  name: \"ayam\",\n  price: \"5000\",\n  cost: \"3000\",\n  stock: \"5\"\n})\n// console.log(response.body);\nexpect(response.status).to.equal(401);\nexpect(response.body.message).to.equal('Missing authentication');",
              "err": {},
              "uuid": "0cb8e62e-0131-483f-a3cf-67f718fb6527",
              "parentUUID": "5390510d-0822-4f9d-8596-d3c7414fb5eb",
              "isHook": false,
              "skipped": false
            }
          ],
          "suites": [],
          "passes": [
            "e8c4aca3-0dcd-4b5c-8e2b-9a183fb4bbbd",
            "e1469c61-7189-43e7-b5f0-9b334ad681a0",
            "0cb8e62e-0131-483f-a3cf-67f718fb6527"
          ],
          "failures": [],
          "pending": [],
          "skipped": [],
          "duration": 283,
          "root": false,
          "rootEmpty": false,
          "_timeout": 2000
        },
        {
          "uuid": "91ac84cb-f858-43c5-b55c-c984e2e43b0e",
          "title": "Get All Product",
          "fullFile": "D:\\Belajar\\QA\\mocca & chai\\testing api kasir aja\\test\\suite\\allTest.js",
          "file": "\\test\\suite\\allTest.js",
          "beforeHooks": [],
          "afterHooks": [],
          "tests": [
            {
              "title": "Positive Scenario - Get All Product success",
              "fullTitle": "Get All Product Positive Scenario - Get All Product success",
              "timedOut": false,
              "duration": 108,
              "state": "passed",
              "speed": "slow",
              "pass": true,
              "fail": false,
              "pending": false,
              "context": null,
              "code": "const response = await request\n  .get(\"/products\")\n  .set(\"Authorization\", \"Bearer \" + Token)\n// console.log(response.body.data);\nexpect(response.status).to.equal(200);\nexpect(response.body.data.products).to.be.an(\"array\");\nexpect(response.body.data.products).to.have.lengthOf(10);\nexpect(response.body.data.products[0].name).to.have.equal(\"ayam\");",
              "err": {},
              "uuid": "7c3f145f-bdc2-4f99-9751-94676bf61f61",
              "parentUUID": "91ac84cb-f858-43c5-b55c-c984e2e43b0e",
              "isHook": false,
              "skipped": false
            },
            {
              "title": "Negative Scenario - no Get token all Product",
              "fullTitle": "Get All Product Negative Scenario - no Get token all Product",
              "timedOut": false,
              "duration": 96,
              "state": "passed",
              "speed": "slow",
              "pass": true,
              "fail": false,
              "pending": false,
              "context": null,
              "code": "const response = await request\n  .get(\"/products\")\n// console.log(response.body);\nexpect(response.status).to.equal(401);\nexpect(response.body.message).to.be.equal('Missing authentication');",
              "err": {},
              "uuid": "7dfa91a0-42cb-4e39-a67e-0ccb870a356f",
              "parentUUID": "91ac84cb-f858-43c5-b55c-c984e2e43b0e",
              "isHook": false,
              "skipped": false
            }
          ],
          "suites": [],
          "passes": [
            "7c3f145f-bdc2-4f99-9751-94676bf61f61",
            "7dfa91a0-42cb-4e39-a67e-0ccb870a356f"
          ],
          "failures": [],
          "pending": [],
          "skipped": [],
          "duration": 204,
          "root": false,
          "rootEmpty": false,
          "_timeout": 2000
        },
        {
          "uuid": "ffd7e19d-c706-4385-8d7b-353663b2001c",
          "title": "Get Detail Product",
          "fullFile": "D:\\Belajar\\QA\\mocca & chai\\testing api kasir aja\\test\\suite\\allTest.js",
          "file": "\\test\\suite\\allTest.js",
          "beforeHooks": [],
          "afterHooks": [],
          "tests": [
            {
              "title": "Positive Scenario - Get Detail Product",
              "fullTitle": "Get Detail Product Positive Scenario - Get Detail Product",
              "timedOut": false,
              "duration": 108,
              "state": "passed",
              "speed": "slow",
              "pass": true,
              "fail": false,
              "pending": false,
              "context": null,
              "code": "const response = await request\n  .get(detailProduct)\n  .set(\"Authorization\", \"Bearer \" + Token)\n// console.log(response.body);\nexpect(response.status).to.equal(200);\nexpect(response.body.data.product).to.have.property(\"code\");\nexpect(response.body.data.product.price).to.be.equal(5000);",
              "err": {},
              "uuid": "bd50fdd0-79c1-4aee-9617-06ce12d40840",
              "parentUUID": "ffd7e19d-c706-4385-8d7b-353663b2001c",
              "isHook": false,
              "skipped": false
            },
            {
              "title": "negative Scenario - no Get token Detail Product",
              "fullTitle": "Get Detail Product negative Scenario - no Get token Detail Product",
              "timedOut": false,
              "duration": 89,
              "state": "passed",
              "speed": "slow",
              "pass": true,
              "fail": false,
              "pending": false,
              "context": null,
              "code": "const response = await request\n  .get(detailProduct)\n// console.log(response.body);\nexpect(response.statusCode).to.equal(401);\nexpect(response.body.message).to.have.equal(\"Missing authentication\");",
              "err": {},
              "uuid": "597d2159-a1f8-4c60-b1af-087204584039",
              "parentUUID": "ffd7e19d-c706-4385-8d7b-353663b2001c",
              "isHook": false,
              "skipped": false
            }
          ],
          "suites": [],
          "passes": [
            "bd50fdd0-79c1-4aee-9617-06ce12d40840",
            "597d2159-a1f8-4c60-b1af-087204584039"
          ],
          "failures": [],
          "pending": [],
          "skipped": [],
          "duration": 197,
          "root": false,
          "rootEmpty": false,
          "_timeout": 2000
        },
        {
          "uuid": "667dcb69-47c6-4efa-93f7-3bdc32eabb6e",
          "title": "update product",
          "fullFile": "D:\\Belajar\\QA\\mocca & chai\\testing api kasir aja\\test\\suite\\allTest.js",
          "file": "\\test\\suite\\allTest.js",
          "beforeHooks": [],
          "afterHooks": [],
          "tests": [
            {
              "title": "positive scanario - success update product",
              "fullTitle": "update product positive scanario - success update product",
              "timedOut": false,
              "duration": 220,
              "state": "passed",
              "speed": "slow",
              "pass": true,
              "fail": false,
              "pending": false,
              "context": null,
              "code": "const response = await request\n.put(detailProduct)\n.send({\n  category_id: \"98c498ec-4a6f-406a-8351-3ac957d565b6\",\n  code: \"A314ASDDFIER3432\",\n  name: \"ayam goreng\",\n  price: \"7000\",\n  cost: \"3000\",\n  stock: \"10\",\n})\n.set(\"Authorization\", \"Bearer \" + Token)\n// console.log(response.body);\nexpect(response.status).to.equal(200);\nexpect(response.body.data.name).to.have.equal(\"ayam goreng\");",
              "err": {},
              "uuid": "715d3e41-d166-4c97-aaa9-17b2c877cadb",
              "parentUUID": "667dcb69-47c6-4efa-93f7-3bdc32eabb6e",
              "isHook": false,
              "skipped": false
            },
            {
              "title": "negative scanario - there is no name when updating the product",
              "fullTitle": "update product negative scanario - there is no name when updating the product",
              "timedOut": false,
              "duration": 147,
              "state": "passed",
              "speed": "slow",
              "pass": true,
              "fail": false,
              "pending": false,
              "context": null,
              "code": "const response = await request\n.put(detailProduct)\n.send({\n  category_id: \"98c498ec-4a6f-406a-8351-3ac957d565b6\",\n  code: \"A314ASDDFIER3432\",\n  name: \"\",\n  price: \"7000\",\n  cost: \"3000\",\n  stock: \"10\",\n})\n.set(\"Authorization\", \"Bearer \" + Token)\n// console.log(response.body);\nexpect(response.status).to.equal(400);\nexpect(response.body.message).to.have.equal('\"name\" is not allowed to be empty');",
              "err": {},
              "uuid": "6e40fddc-484a-4582-90d7-f4642cadac95",
              "parentUUID": "667dcb69-47c6-4efa-93f7-3bdc32eabb6e",
              "isHook": false,
              "skipped": false
            }
          ],
          "suites": [],
          "passes": [
            "715d3e41-d166-4c97-aaa9-17b2c877cadb",
            "6e40fddc-484a-4582-90d7-f4642cadac95"
          ],
          "failures": [],
          "pending": [],
          "skipped": [],
          "duration": 367,
          "root": false,
          "rootEmpty": false,
          "_timeout": 2000
        },
        {
          "uuid": "c877cdc7-199b-4f78-bd2f-057522e6d1a4",
          "title": "Delete Product",
          "fullFile": "D:\\Belajar\\QA\\mocca & chai\\testing api kasir aja\\test\\suite\\allTest.js",
          "file": "\\test\\suite\\allTest.js",
          "beforeHooks": [],
          "afterHooks": [],
          "tests": [
            {
              "title": "Positive Scenario - Delete Product success",
              "fullTitle": "Delete Product Positive Scenario - Delete Product success",
              "timedOut": false,
              "duration": 93,
              "state": "passed",
              "speed": "slow",
              "pass": true,
              "fail": false,
              "pending": false,
              "context": null,
              "code": "const response = await request\n  .delete(detailProduct)\n  .set(\"Authorization\", \"Bearer \" + Token)\nexpect(response.status).to.equal(200);\nexpect(response.body.message).to.have.equal(\"Product berhasil dihapus\");",
              "err": {},
              "uuid": "e4bf1548-a57e-4231-ab00-9eda4d0e9c79",
              "parentUUID": "c877cdc7-199b-4f78-bd2f-057522e6d1a4",
              "isHook": false,
              "skipped": false
            },
            {
              "title": "Positive Scenario - Delete Product success",
              "fullTitle": "Delete Product Positive Scenario - Delete Product success",
              "timedOut": false,
              "duration": 94,
              "state": "passed",
              "speed": "slow",
              "pass": true,
              "fail": false,
              "pending": false,
              "context": null,
              "code": "const response = await request\n  .delete(detailProduct)\n// console.log(response.body);\nexpect(response.status).to.equal(401);\nexpect(response.body.message).to.have.equal(\"Missing authentication\");",
              "err": {},
              "uuid": "59965c10-0031-455d-97a4-6cfaf5fb036e",
              "parentUUID": "c877cdc7-199b-4f78-bd2f-057522e6d1a4",
              "isHook": false,
              "skipped": false
            }
          ],
          "suites": [],
          "passes": [
            "e4bf1548-a57e-4231-ab00-9eda4d0e9c79",
            "59965c10-0031-455d-97a4-6cfaf5fb036e"
          ],
          "failures": [],
          "pending": [],
          "skipped": [],
          "duration": 187,
          "root": false,
          "rootEmpty": false,
          "_timeout": 2000
        }
      ],
      "passes": [],
      "failures": [],
      "pending": [],
      "skipped": [],
      "duration": 0,
      "root": true,
      "rootEmpty": true,
      "_timeout": 2000
    }
  ],
  "meta": {
    "mocha": {
      "version": "10.2.0"
    },
    "mochawesome": {
      "options": {
        "quiet": false,
        "reportFilename": "mochawesome",
        "saveHtml": true,
        "saveJson": true,
        "consoleReporter": "spec",
        "useInlineDiffs": false,
        "code": true
      },
      "version": "7.1.3"
    },
    "marge": {
      "options": null,
      "version": "6.2.0"
    }
  }
}